<?xml version="1.0" encoding="UTF-8"?>
<!-- Generated by org.testng.reporters.JUnitReportReporter -->
<testsuite hostname="INHYDLDSINGH2" failures="0" tests="1" name="TestNGHello" time="0.004" errors="0" timestamp="2022-05-18T09:53:28 IST" skipped="0">
  <testcase classname="TestNGHello" name="f" time="0.004"/>
  <system-out/>
</testsuite> <!-- TestNGHello -->
