<?xml version="1.0" encoding="UTF-8"?>
<!-- Generated by org.testng.reporters.JUnitReportReporter -->
<testsuite hostname="INHYDLDSINGH2" failures="0" tests="1" name="parameter.Subtract" time="0.001" errors="0" timestamp="2022-05-18T10:22:54 IST" skipped="0">
  <testcase classname="parameter.Subtract" name="add" time="0.001"/>
  <system-out/>
</testsuite> <!-- parameter.Subtract -->
